{"/Users/taroschenker/Documents/Web Development/2023/Projects/2023 Q4/london-cashmere/client/src/__test__/helpers/renderWithProvider.tsx": {"path":"/Users/taroschenker/Documents/Web Development/2023/Projects/2023 Q4/london-cashmere/client/src/__test__/helpers/renderWithProvider.tsx","statementMap":{"0":{"start":{"line":1,"column":0},"end":{"line":1,"column":77}},"1":{"start":{"line":2,"column":0},"end":{"line":2,"column":49}},"2":{"start":{"line":3,"column":0},"end":{"line":3,"column":57}},"3":{"start":{"line":4,"column":0},"end":{"line":4,"column":68}},"4":{"start":{"line":13,"column":21},"end":{"line":44,"column":1}},"5":{"start":{"line":23,"column":6},"end":{"line":23,"column":13}},"6":{"start":{"line":25,"column":59},"end":{"line":41,"column":3}},"7":{"start":{"line":26,"column":18},"end":{"line":26,"column":26}},"8":{"start":{"line":28,"column":4},"end":{"line":30,"column":null}},"9":{"start":{"line":29,"column":6},"end":{"line":29,"column":57}},"10":{"start":{"line":32,"column":4},"end":{"line":34,"column":null}},"11":{"start":{"line":33,"column":6},"end":{"line":33,"column":55}},"12":{"start":{"line":36,"column":4},"end":{"line":38,"column":null}},"13":{"start":{"line":37,"column":6},"end":{"line":37,"column":80}},"14":{"start":{"line":40,"column":4},"end":{"line":40,"column":26}},"15":{"start":{"line":43,"column":2},"end":{"line":43,"column":58}},"16":{"start":{"line":46,"column":9},"end":{"line":46,"column":21}}},"fnMap":{"0":{"name":"(anonymous_0)","decl":{"start":{"line":13,"column":21},"end":{"line":13,"column":null}},"loc":{"start":{"line":16,"column":18},"end":{"line":44,"column":1}}},"1":{"name":"(anonymous_1)","decl":{"start":{"line":25,"column":59},"end":{"line":25,"column":60}},"loc":{"start":{"line":25,"column":76},"end":{"line":41,"column":3}}}},"branchMap":{"0":{"loc":{"start":{"line":15,"column":2},"end":{"line":15,"column":35}},"type":"default-arg","locations":[{"start":{"line":15,"column":33},"end":{"line":15,"column":35}}]},"1":{"loc":{"start":{"line":18,"column":4},"end":{"line":18,"column":22}},"type":"default-arg","locations":[{"start":{"line":18,"column":17},"end":{"line":18,"column":22}}]},"2":{"loc":{"start":{"line":19,"column":4},"end":{"line":19,"column":20}},"type":"default-arg","locations":[{"start":{"line":19,"column":15},"end":{"line":19,"column":20}}]},"3":{"loc":{"start":{"line":20,"column":4},"end":{"line":20,"column":20}},"type":"default-arg","locations":[{"start":{"line":20,"column":15},"end":{"line":20,"column":20}}]},"4":{"loc":{"start":{"line":21,"column":4},"end":{"line":21,"column":18}},"type":"default-arg","locations":[{"start":{"line":21,"column":16},"end":{"line":21,"column":18}}]},"5":{"loc":{"start":{"line":28,"column":4},"end":{"line":30,"column":null}},"type":"if","locations":[{"start":{"line":28,"column":4},"end":{"line":30,"column":null}}]},"6":{"loc":{"start":{"line":32,"column":4},"end":{"line":34,"column":null}},"type":"if","locations":[{"start":{"line":32,"column":4},"end":{"line":34,"column":null}}]},"7":{"loc":{"start":{"line":36,"column":4},"end":{"line":38,"column":null}},"type":"if","locations":[{"start":{"line":36,"column":4},"end":{"line":38,"column":null}}]}},"s":{"0":8,"1":8,"2":8,"3":8,"4":8,"5":35,"6":35,"7":35,"8":35,"9":24,"10":35,"11":10,"12":35,"13":28,"14":35,"15":35,"16":8},"f":{"0":35,"1":35},"b":{"0":[5],"1":[5],"2":[5],"3":[5],"4":[32],"5":[24],"6":[10],"7":[28]}}
,"/Users/taroschenker/Documents/Web Development/2023/Projects/2023 Q4/london-cashmere/client/src/common/components/ErrorBoundry/ErrorBoundary.tsx": {"path":"/Users/taroschenker/Documents/Web Development/2023/Projects/2023 Q4/london-cashmere/client/src/common/components/ErrorBoundry/ErrorBoundary.tsx","statementMap":{"0":{"start":{"line":1,"column":0},"end":{"line":1,"column":52}},"1":{"start":{"line":12,"column":30},"end":{"line":12,"column":49}},"2":{"start":{"line":16,"column":4},"end":{"line":16,"column":30}},"3":{"start":{"line":20,"column":4},"end":{"line":20,"column":56}},"4":{"start":{"line":24,"column":4},"end":{"line":26,"column":null}},"5":{"start":{"line":25,"column":6},"end":{"line":25,"column":44}},"6":{"start":{"line":27,"column":4},"end":{"line":27,"column":31}},"7":{"start":{"line":31,"column":0},"end":{"line":31,"column":29}}},"fnMap":{"0":{"name":"(anonymous_0)","decl":{"start":{"line":15,"column":2},"end":{"line":15,"column":8}},"loc":{"start":{"line":15,"column":42},"end":{"line":17,"column":3}}},"1":{"name":"(anonymous_1)","decl":{"start":{"line":19,"column":2},"end":{"line":19,"column":19}},"loc":{"start":{"line":19,"column":60},"end":{"line":21,"column":3}}},"2":{"name":"(anonymous_2)","decl":{"start":{"line":23,"column":2},"end":{"line":23,"column":8}},"loc":{"start":{"line":23,"column":8},"end":{"line":28,"column":3}}}},"branchMap":{"0":{"loc":{"start":{"line":24,"column":4},"end":{"line":26,"column":null}},"type":"if","locations":[{"start":{"line":24,"column":4},"end":{"line":26,"column":null}}]}},"s":{"0":1,"1":5,"2":4,"3":2,"4":9,"5":4,"6":5,"7":1},"f":{"0":4,"1":2,"2":9},"b":{"0":[4]}}
,"/Users/taroschenker/Documents/Web Development/2023/Projects/2023 Q4/london-cashmere/client/src/common/components/Icons/DesktopIcons/DesktopIcons.tsx": {"path":"/Users/taroschenker/Documents/Web Development/2023/Projects/2023 Q4/london-cashmere/client/src/common/components/Icons/DesktopIcons/DesktopIcons.tsx","statementMap":{"0":{"start":{"line":1,"column":0},"end":{"line":1,"column":null}},"1":{"start":{"line":9,"column":0},"end":{"line":9,"column":65}},"2":{"start":{"line":10,"column":0},"end":{"line":10,"column":56}},"3":{"start":{"line":11,"column":0},"end":{"line":11,"column":52}},"4":{"start":{"line":17,"column":49},"end":{"line":57,"column":1}},"5":{"start":{"line":18,"column":19},"end":{"line":18,"column":32}},"6":{"start":{"line":19,"column":28},"end":{"line":19,"column":37}},"7":{"start":{"line":21,"column":2},"end":{"line":56,"column":4}},"8":{"start":{"line":23,"column":29},"end":{"line":23,"column":42}},"9":{"start":{"line":32,"column":23},"end":{"line":32,"column":58}},"10":{"start":{"line":32,"column":52},"end":{"line":32,"column":57}},"11":{"start":{"line":59,"column":0},"end":{"line":59,"column":28}}},"fnMap":{"0":{"name":"(anonymous_0)","decl":{"start":{"line":17,"column":49},"end":{"line":17,"column":50}},"loc":{"start":{"line":17,"column":76},"end":{"line":57,"column":1}}},"1":{"name":"(anonymous_1)","decl":{"start":{"line":23,"column":23},"end":{"line":23,"column":26}},"loc":{"start":{"line":23,"column":29},"end":{"line":23,"column":42}}},"2":{"name":"(anonymous_2)","decl":{"start":{"line":32,"column":17},"end":{"line":32,"column":20}},"loc":{"start":{"line":32,"column":23},"end":{"line":32,"column":58}}},"3":{"name":"(anonymous_3)","decl":{"start":{"line":32,"column":42},"end":{"line":32,"column":43}},"loc":{"start":{"line":32,"column":52},"end":{"line":32,"column":57}}}},"branchMap":{"0":{"loc":{"start":{"line":41,"column":9},"end":{"line":44,"column":null}},"type":"binary-expr","locations":[{"start":{"line":41,"column":9},"end":{"line":41,"column":26}},{"start":{"line":42,"column":10},"end":{"line":43,"column":null}}]}},"s":{"0":2,"1":2,"2":2,"3":2,"4":2,"5":7,"6":7,"7":7,"8":0,"9":0,"10":0,"11":2},"f":{"0":7,"1":0,"2":0,"3":0},"b":{"0":[7,1]}}
,"/Users/taroschenker/Documents/Web Development/2023/Projects/2023 Q4/london-cashmere/client/src/common/components/Icons/MobileIcons/MobileIcons.tsx": {"path":"/Users/taroschenker/Documents/Web Development/2023/Projects/2023 Q4/london-cashmere/client/src/common/components/Icons/MobileIcons/MobileIcons.tsx","statementMap":{"0":{"start":{"line":1,"column":0},"end":{"line":1,"column":null}},"1":{"start":{"line":9,"column":0},"end":{"line":9,"column":65}},"2":{"start":{"line":10,"column":0},"end":{"line":10,"column":56}},"3":{"start":{"line":18,"column":48},"end":{"line":69,"column":1}},"4":{"start":{"line":23,"column":19},"end":{"line":23,"column":32}},"5":{"start":{"line":24,"column":2},"end":{"line":68,"column":4}},"6":{"start":{"line":28,"column":25},"end":{"line":28,"column":53}},"7":{"start":{"line":42,"column":31},"end":{"line":42,"column":44}},"8":{"start":{"line":54,"column":31},"end":{"line":54,"column":66}},"9":{"start":{"line":54,"column":60},"end":{"line":54,"column":65}},"10":{"start":{"line":70,"column":0},"end":{"line":70,"column":27}}},"fnMap":{"0":{"name":"(anonymous_0)","decl":{"start":{"line":18,"column":48},"end":{"line":18,"column":49}},"loc":{"start":{"line":22,"column":5},"end":{"line":69,"column":1}}},"1":{"name":"(anonymous_1)","decl":{"start":{"line":28,"column":19},"end":{"line":28,"column":22}},"loc":{"start":{"line":28,"column":25},"end":{"line":28,"column":53}}},"2":{"name":"(anonymous_2)","decl":{"start":{"line":42,"column":25},"end":{"line":42,"column":28}},"loc":{"start":{"line":42,"column":31},"end":{"line":42,"column":44}}},"3":{"name":"(anonymous_3)","decl":{"start":{"line":54,"column":25},"end":{"line":54,"column":28}},"loc":{"start":{"line":54,"column":31},"end":{"line":54,"column":66}}},"4":{"name":"(anonymous_4)","decl":{"start":{"line":54,"column":50},"end":{"line":54,"column":51}},"loc":{"start":{"line":54,"column":60},"end":{"line":54,"column":65}}}},"branchMap":{},"s":{"0":1,"1":1,"2":1,"3":1,"4":4,"5":4,"6":0,"7":0,"8":0,"9":0,"10":1},"f":{"0":4,"1":0,"2":0,"3":0,"4":0},"b":{}}
,"/Users/taroschenker/Documents/Web Development/2023/Projects/2023 Q4/london-cashmere/client/src/common/components/Logo/Logo.tsx": {"path":"/Users/taroschenker/Documents/Web Development/2023/Projects/2023 Q4/london-cashmere/client/src/common/components/Logo/Logo.tsx","statementMap":{"0":{"start":{"line":1,"column":0},"end":{"line":1,"column":43}},"1":{"start":{"line":3,"column":13},"end":{"line":19,"column":null}},"2":{"start":{"line":4,"column":2},"end":{"line":18,"column":null}},"3":{"start":{"line":22,"column":0},"end":{"line":22,"column":20}}},"fnMap":{"0":{"name":"(anonymous_0)","decl":{"start":{"line":3,"column":13},"end":{"line":3,"column":16}},"loc":{"start":{"line":4,"column":2},"end":{"line":18,"column":null}}}},"branchMap":{},"s":{"0":1,"1":1,"2":4,"3":1},"f":{"0":4},"b":{}}
,"/Users/taroschenker/Documents/Web Development/2023/Projects/2023 Q4/london-cashmere/client/src/common/components/UserStatus/UserStatus.tsx": {"path":"/Users/taroschenker/Documents/Web Development/2023/Projects/2023 Q4/london-cashmere/client/src/common/components/UserStatus/UserStatus.tsx","statementMap":{"0":{"start":{"line":2,"column":0},"end":{"line":2,"column":49}},"1":{"start":{"line":3,"column":0},"end":{"line":3,"column":65}},"2":{"start":{"line":4,"column":0},"end":{"line":4,"column":65}},"3":{"start":{"line":5,"column":0},"end":{"line":5,"column":53}},"4":{"start":{"line":11,"column":46},"end":{"line":37,"column":1}},"5":{"start":{"line":12,"column":34},"end":{"line":12,"column":43}},"6":{"start":{"line":13,"column":19},"end":{"line":13,"column":32}},"7":{"start":{"line":15,"column":23},"end":{"line":19,"column":3}},"8":{"start":{"line":16,"column":4},"end":{"line":16,"column":13}},"9":{"start":{"line":17,"column":4},"end":{"line":17,"column":18}},"10":{"start":{"line":18,"column":4},"end":{"line":18,"column":30}},"11":{"start":{"line":21,"column":2},"end":{"line":36,"column":4}},"12":{"start":{"line":39,"column":0},"end":{"line":39,"column":26}}},"fnMap":{"0":{"name":"(anonymous_0)","decl":{"start":{"line":11,"column":46},"end":{"line":11,"column":47}},"loc":{"start":{"line":11,"column":73},"end":{"line":37,"column":1}}},"1":{"name":"(anonymous_1)","decl":{"start":{"line":15,"column":23},"end":{"line":15,"column":26}},"loc":{"start":{"line":15,"column":28},"end":{"line":19,"column":3}}}},"branchMap":{"0":{"loc":{"start":{"line":23,"column":7},"end":{"line":33,"column":null}},"type":"cond-expr","locations":[{"start":{"line":24,"column":8},"end":{"line":28,"column":null}},{"start":{"line":31,"column":8},"end":{"line":32,"column":null}}]}},"s":{"0":2,"1":2,"2":2,"3":2,"4":2,"5":6,"6":6,"7":6,"8":0,"9":0,"10":0,"11":6,"12":2},"f":{"0":6,"1":0},"b":{"0":[1,5]}}
,"/Users/taroschenker/Documents/Web Development/2023/Projects/2023 Q4/london-cashmere/client/src/common/layout/DesktopNav.tsx": {"path":"/Users/taroschenker/Documents/Web Development/2023/Projects/2023 Q4/london-cashmere/client/src/common/layout/DesktopNav.tsx","statementMap":{"0":{"start":{"line":1,"column":0},"end":{"line":1,"column":43}},"1":{"start":{"line":3,"column":19},"end":{"line":37,"column":null}},"2":{"start":{"line":4,"column":2},"end":{"line":36,"column":null}},"3":{"start":{"line":8,"column":8},"end":{"line":8,"column":74}},"4":{"start":{"line":16,"column":8},"end":{"line":16,"column":74}},"5":{"start":{"line":24,"column":8},"end":{"line":24,"column":74}},"6":{"start":{"line":32,"column":8},"end":{"line":32,"column":74}},"7":{"start":{"line":40,"column":0},"end":{"line":40,"column":26}}},"fnMap":{"0":{"name":"(anonymous_0)","decl":{"start":{"line":3,"column":19},"end":{"line":3,"column":22}},"loc":{"start":{"line":4,"column":2},"end":{"line":36,"column":null}}},"1":{"name":"(anonymous_1)","decl":{"start":{"line":7,"column":17},"end":{"line":7,"column":18}},"loc":{"start":{"line":8,"column":8},"end":{"line":8,"column":74}}},"2":{"name":"(anonymous_2)","decl":{"start":{"line":15,"column":17},"end":{"line":15,"column":18}},"loc":{"start":{"line":16,"column":8},"end":{"line":16,"column":74}}},"3":{"name":"(anonymous_3)","decl":{"start":{"line":23,"column":17},"end":{"line":23,"column":18}},"loc":{"start":{"line":24,"column":8},"end":{"line":24,"column":74}}},"4":{"name":"(anonymous_4)","decl":{"start":{"line":31,"column":17},"end":{"line":31,"column":18}},"loc":{"start":{"line":32,"column":8},"end":{"line":32,"column":74}}}},"branchMap":{"0":{"loc":{"start":{"line":8,"column":8},"end":{"line":8,"column":74}},"type":"cond-expr","locations":[{"start":{"line":8,"column":19},"end":{"line":8,"column":69}},{"start":{"line":8,"column":72},"end":{"line":8,"column":74}}]},"1":{"loc":{"start":{"line":16,"column":8},"end":{"line":16,"column":74}},"type":"cond-expr","locations":[{"start":{"line":16,"column":19},"end":{"line":16,"column":69}},{"start":{"line":16,"column":72},"end":{"line":16,"column":74}}]},"2":{"loc":{"start":{"line":24,"column":8},"end":{"line":24,"column":74}},"type":"cond-expr","locations":[{"start":{"line":24,"column":19},"end":{"line":24,"column":69}},{"start":{"line":24,"column":72},"end":{"line":24,"column":74}}]},"3":{"loc":{"start":{"line":32,"column":8},"end":{"line":32,"column":74}},"type":"cond-expr","locations":[{"start":{"line":32,"column":19},"end":{"line":32,"column":69}},{"start":{"line":32,"column":72},"end":{"line":32,"column":74}}]}},"s":{"0":1,"1":1,"2":4,"3":4,"4":4,"5":4,"6":4,"7":1},"f":{"0":4,"1":4,"2":4,"3":4,"4":4},"b":{"0":[4,0],"1":[0,4],"2":[0,4],"3":[0,4]}}
,"/Users/taroschenker/Documents/Web Development/2023/Projects/2023 Q4/london-cashmere/client/src/common/layout/Footer.tsx": {"path":"/Users/taroschenker/Documents/Web Development/2023/Projects/2023 Q4/london-cashmere/client/src/common/layout/Footer.tsx","statementMap":{"0":{"start":{"line":2,"column":0},"end":{"line":2,"column":65}},"1":{"start":{"line":3,"column":0},"end":{"line":3,"column":null}},"2":{"start":{"line":8,"column":0},"end":{"line":8,"column":40}},"3":{"start":{"line":10,"column":25},"end":{"line":53,"column":1}},"4":{"start":{"line":11,"column":2},"end":{"line":52,"column":4}},"5":{"start":{"line":55,"column":0},"end":{"line":55,"column":22}}},"fnMap":{"0":{"name":"(anonymous_0)","decl":{"start":{"line":10,"column":25},"end":{"line":10,"column":28}},"loc":{"start":{"line":10,"column":30},"end":{"line":53,"column":1}}}},"branchMap":{},"s":{"0":1,"1":1,"2":1,"3":1,"4":4,"5":1},"f":{"0":4},"b":{}}
,"/Users/taroschenker/Documents/Web Development/2023/Projects/2023 Q4/london-cashmere/client/src/common/layout/Header.tsx": {"path":"/Users/taroschenker/Documents/Web Development/2023/Projects/2023 Q4/london-cashmere/client/src/common/layout/Header.tsx","statementMap":{"0":{"start":{"line":2,"column":0},"end":{"line":2,"column":43}},"1":{"start":{"line":3,"column":0},"end":{"line":3,"column":38}},"2":{"start":{"line":4,"column":0},"end":{"line":4,"column":73}},"3":{"start":{"line":5,"column":0},"end":{"line":5,"column":70}},"4":{"start":{"line":6,"column":0},"end":{"line":6,"column":61}},"5":{"start":{"line":14,"column":38},"end":{"line":44,"column":1}},"6":{"start":{"line":19,"column":2},"end":{"line":43,"column":4}},"7":{"start":{"line":46,"column":0},"end":{"line":46,"column":22}}},"fnMap":{"0":{"name":"(anonymous_0)","decl":{"start":{"line":14,"column":38},"end":{"line":14,"column":39}},"loc":{"start":{"line":18,"column":5},"end":{"line":44,"column":1}}}},"branchMap":{},"s":{"0":1,"1":1,"2":1,"3":1,"4":1,"5":1,"6":4,"7":1},"f":{"0":4},"b":{}}
,"/Users/taroschenker/Documents/Web Development/2023/Projects/2023 Q4/london-cashmere/client/src/common/layout/Sidebar.tsx": {"path":"/Users/taroschenker/Documents/Web Development/2023/Projects/2023 Q4/london-cashmere/client/src/common/layout/Sidebar.tsx","statementMap":{"0":{"start":{"line":2,"column":0},"end":{"line":2,"column":43}},"1":{"start":{"line":3,"column":0},"end":{"line":3,"column":65}},"2":{"start":{"line":4,"column":0},"end":{"line":4,"column":null}},"3":{"start":{"line":21,"column":40},"end":{"line":117,"column":1}},"4":{"start":{"line":22,"column":2},"end":{"line":116,"column":4}},"5":{"start":{"line":79,"column":16},"end":{"line":80,"column":null}},"6":{"start":{"line":90,"column":22},"end":{"line":92,"column":79}},"7":{"start":{"line":119,"column":0},"end":{"line":119,"column":23}}},"fnMap":{"0":{"name":"(anonymous_0)","decl":{"start":{"line":21,"column":40},"end":{"line":21,"column":41}},"loc":{"start":{"line":21,"column":64},"end":{"line":117,"column":1}}},"1":{"name":"(anonymous_1)","decl":{"start":{"line":78,"column":20},"end":{"line":78,"column":21}},"loc":{"start":{"line":79,"column":16},"end":{"line":80,"column":null}}},"2":{"name":"(anonymous_2)","decl":{"start":{"line":89,"column":31},"end":{"line":89,"column":32}},"loc":{"start":{"line":90,"column":22},"end":{"line":92,"column":79}}}},"branchMap":{"0":{"loc":{"start":{"line":25,"column":7},"end":{"line":29,"column":null}},"type":"binary-expr","locations":[{"start":{"line":25,"column":7},"end":{"line":25,"column":13}},{"start":{"line":26,"column":8},"end":{"line":28,"column":null}}]},"1":{"loc":{"start":{"line":37,"column":22},"end":{"line":37,"column":null}},"type":"cond-expr","locations":[{"start":{"line":37,"column":31},"end":{"line":37,"column":46}},{"start":{"line":37,"column":49},"end":{"line":37,"column":null}}]},"2":{"loc":{"start":{"line":90,"column":22},"end":{"line":92,"column":79}},"type":"cond-expr","locations":[{"start":{"line":91,"column":26},"end":{"line":91,"column":89}},{"start":{"line":92,"column":26},"end":{"line":92,"column":79}}]}},"s":{"0":1,"1":1,"2":1,"3":1,"4":4,"5":32,"6":32,"7":1},"f":{"0":4,"1":32,"2":32},"b":{"0":[4,0],"1":[0,4],"2":[4,28]}}
,"/Users/taroschenker/Documents/Web Development/2023/Projects/2023 Q4/london-cashmere/client/src/context/AuthContext.tsx": {"path":"/Users/taroschenker/Documents/Web Development/2023/Projects/2023 Q4/london-cashmere/client/src/context/AuthContext.tsx","statementMap":{"0":{"start":{"line":1,"column":0},"end":{"line":1,"column":78}},"1":{"start":{"line":2,"column":0},"end":{"line":2,"column":26}},"2":{"start":{"line":21,"column":13},"end":{"line":26,"column":16}},"3":{"start":{"line":28,"column":57},"end":{"line":76,"column":1}},"4":{"start":{"line":29,"column":40},"end":{"line":29,"column":67}},"5":{"start":{"line":31,"column":19},"end":{"line":42,"column":3}},"6":{"start":{"line":32,"column":4},"end":{"line":41,"column":null}},"7":{"start":{"line":33,"column":23},"end":{"line":35,"column":null}},"8":{"start":{"line":38,"column":6},"end":{"line":38,"column":41}},"9":{"start":{"line":40,"column":6},"end":{"line":40,"column":54}},"10":{"start":{"line":44,"column":16},"end":{"line":58,"column":3}},"11":{"start":{"line":45,"column":4},"end":{"line":57,"column":null}},"12":{"start":{"line":46,"column":23},"end":{"line":51,"column":null}},"13":{"start":{"line":53,"column":6},"end":{"line":53,"column":41}},"14":{"start":{"line":54,"column":6},"end":{"line":54,"column":57}},"15":{"start":{"line":56,"column":6},"end":{"line":56,"column":48}},"16":{"start":{"line":60,"column":17},"end":{"line":69,"column":3}},"17":{"start":{"line":62,"column":4},"end":{"line":62,"column":37}},"18":{"start":{"line":65,"column":4},"end":{"line":65,"column":25}},"19":{"start":{"line":71,"column":2},"end":{"line":75,"column":4}},"20":{"start":{"line":28,"column":13},"end":{"line":28,"column":57}},"21":{"start":{"line":78,"column":23},"end":{"line":84,"column":1}},"22":{"start":{"line":79,"column":18},"end":{"line":79,"column":41}},"23":{"start":{"line":80,"column":2},"end":{"line":82,"column":null}},"24":{"start":{"line":81,"column":4},"end":{"line":81,"column":68}},"25":{"start":{"line":83,"column":2},"end":{"line":83,"column":17}},"26":{"start":{"line":78,"column":13},"end":{"line":78,"column":23}}},"fnMap":{"0":{"name":"(anonymous_0)","decl":{"start":{"line":28,"column":57},"end":{"line":28,"column":58}},"loc":{"start":{"line":28,"column":74},"end":{"line":76,"column":1}}},"1":{"name":"(anonymous_1)","decl":{"start":{"line":31,"column":19},"end":{"line":31,"column":24}},"loc":{"start":{"line":31,"column":48},"end":{"line":42,"column":3}}},"2":{"name":"(anonymous_2)","decl":{"start":{"line":44,"column":16},"end":{"line":44,"column":21}},"loc":{"start":{"line":44,"column":58},"end":{"line":58,"column":3}}},"3":{"name":"(anonymous_3)","decl":{"start":{"line":60,"column":17},"end":{"line":60,"column":20}},"loc":{"start":{"line":60,"column":22},"end":{"line":69,"column":3}}},"4":{"name":"(anonymous_4)","decl":{"start":{"line":78,"column":23},"end":{"line":78,"column":26}},"loc":{"start":{"line":78,"column":28},"end":{"line":84,"column":1}}}},"branchMap":{"0":{"loc":{"start":{"line":80,"column":2},"end":{"line":82,"column":null}},"type":"if","locations":[{"start":{"line":80,"column":2},"end":{"line":82,"column":null}}]}},"s":{"0":9,"1":9,"2":9,"3":9,"4":12,"5":12,"6":0,"7":0,"8":0,"9":0,"10":12,"11":0,"12":0,"13":0,"14":0,"15":0,"16":12,"17":0,"18":0,"19":12,"20":9,"21":9,"22":0,"23":0,"24":0,"25":0,"26":9},"f":{"0":12,"1":0,"2":0,"3":0,"4":0},"b":{"0":[0]}}
,"/Users/taroschenker/Documents/Web Development/2023/Projects/2023 Q4/london-cashmere/client/src/context/CartContext.tsx": {"path":"/Users/taroschenker/Documents/Web Development/2023/Projects/2023 Q4/london-cashmere/client/src/context/CartContext.tsx","statementMap":{"0":{"start":{"line":1,"column":0},"end":{"line":1,"column":55}},"1":{"start":{"line":22,"column":13},"end":{"line":24,"column":2}},"2":{"start":{"line":26,"column":57},"end":{"line":70,"column":1}},"3":{"start":{"line":30,"column":26},"end":{"line":30,"column":61}},"4":{"start":{"line":32,"column":20},"end":{"line":34,"column":3}},"5":{"start":{"line":33,"column":4},"end":{"line":33,"column":46}},"6":{"start":{"line":36,"column":25},"end":{"line":38,"column":3}},"7":{"start":{"line":37,"column":4},"end":{"line":37,"column":67}},"8":{"start":{"line":37,"column":34},"end":{"line":37,"column":64}},"9":{"start":{"line":40,"column":25},"end":{"line":48,"column":3}},"10":{"start":{"line":41,"column":4},"end":{"line":47,"column":6}},"11":{"start":{"line":43,"column":8},"end":{"line":45,"column":16}},"12":{"start":{"line":50,"column":24},"end":{"line":50,"column":78}},"13":{"start":{"line":50,"column":53},"end":{"line":50,"column":74}},"14":{"start":{"line":52,"column":20},"end":{"line":54,"column":3}},"15":{"start":{"line":53,"column":4},"end":{"line":53,"column":16}},"16":{"start":{"line":56,"column":2},"end":{"line":69,"column":4}},"17":{"start":{"line":26,"column":13},"end":{"line":26,"column":57}}},"fnMap":{"0":{"name":"(anonymous_0)","decl":{"start":{"line":26,"column":57},"end":{"line":26,"column":58}},"loc":{"start":{"line":29,"column":5},"end":{"line":70,"column":1}}},"1":{"name":"(anonymous_1)","decl":{"start":{"line":32,"column":20},"end":{"line":32,"column":21}},"loc":{"start":{"line":32,"column":60},"end":{"line":34,"column":3}}},"2":{"name":"(anonymous_2)","decl":{"start":{"line":36,"column":25},"end":{"line":36,"column":26}},"loc":{"start":{"line":36,"column":47},"end":{"line":38,"column":3}}},"3":{"name":"(anonymous_3)","decl":{"start":{"line":37,"column":24},"end":{"line":37,"column":25}},"loc":{"start":{"line":37,"column":34},"end":{"line":37,"column":64}}},"4":{"name":"(anonymous_4)","decl":{"start":{"line":40,"column":25},"end":{"line":40,"column":26}},"loc":{"start":{"line":40,"column":68},"end":{"line":48,"column":3}}},"5":{"name":"(anonymous_5)","decl":{"start":{"line":42,"column":15},"end":{"line":42,"column":16}},"loc":{"start":{"line":43,"column":8},"end":{"line":45,"column":16}}},"6":{"name":"(anonymous_6)","decl":{"start":{"line":50,"column":36},"end":{"line":50,"column":37}},"loc":{"start":{"line":50,"column":53},"end":{"line":50,"column":74}}},"7":{"name":"(anonymous_7)","decl":{"start":{"line":52,"column":20},"end":{"line":52,"column":23}},"loc":{"start":{"line":52,"column":25},"end":{"line":54,"column":3}}}},"branchMap":{"0":{"loc":{"start":{"line":28,"column":2},"end":{"line":28,"column":19}},"type":"default-arg","locations":[{"start":{"line":28,"column":17},"end":{"line":28,"column":19}}]},"1":{"loc":{"start":{"line":43,"column":8},"end":{"line":45,"column":16}},"type":"cond-expr","locations":[{"start":{"line":44,"column":12},"end":{"line":44,"column":46}},{"start":{"line":45,"column":12},"end":{"line":45,"column":16}}]}},"s":{"0":8,"1":8,"2":8,"3":28,"4":28,"5":0,"6":28,"7":0,"8":0,"9":28,"10":0,"11":0,"12":28,"13":5,"14":28,"15":0,"16":28,"17":8},"f":{"0":28,"1":0,"2":0,"3":0,"4":0,"5":0,"6":5,"7":0},"b":{"0":[0],"1":[0,0]}}
,"/Users/taroschenker/Documents/Web Development/2023/Projects/2023 Q4/london-cashmere/client/src/features/Cart/CartPage.tsx": {"path":"/Users/taroschenker/Documents/Web Development/2023/Projects/2023 Q4/london-cashmere/client/src/features/Cart/CartPage.tsx","statementMap":{"0":{"start":{"line":2,"column":0},"end":{"line":2,"column":65}},"1":{"start":{"line":3,"column":0},"end":{"line":3,"column":60}},"2":{"start":{"line":4,"column":0},"end":{"line":4,"column":57}},"3":{"start":{"line":5,"column":0},"end":{"line":5,"column":75}},"4":{"start":{"line":6,"column":0},"end":{"line":6,"column":46}},"5":{"start":{"line":14,"column":24},"end":{"line":16,"column":1}},"6":{"start":{"line":15,"column":2},"end":{"line":15,"column":22}},"7":{"start":{"line":18,"column":45},"end":{"line":78,"column":1}},"8":{"start":{"line":19,"column":35},"end":{"line":19,"column":44}},"9":{"start":{"line":21,"column":22},"end":{"line":23,"column":null}},"10":{"start":{"line":22,"column":21},"end":{"line":22,"column":63}},"11":{"start":{"line":26,"column":2},"end":{"line":77,"column":4}},"12":{"start":{"line":51,"column":20},"end":{"line":52,"column":null}},"13":{"start":{"line":62,"column":39},"end":{"line":62,"column":71}},"14":{"start":{"line":80,"column":0},"end":{"line":80,"column":24}}},"fnMap":{"0":{"name":"(anonymous_0)","decl":{"start":{"line":14,"column":24},"end":{"line":14,"column":25}},"loc":{"start":{"line":14,"column":48},"end":{"line":16,"column":1}}},"1":{"name":"(anonymous_1)","decl":{"start":{"line":18,"column":45},"end":{"line":18,"column":46}},"loc":{"start":{"line":18,"column":69},"end":{"line":78,"column":1}}},"2":{"name":"(anonymous_2)","decl":{"start":{"line":22,"column":4},"end":{"line":22,"column":5}},"loc":{"start":{"line":22,"column":21},"end":{"line":22,"column":63}}},"3":{"name":"(anonymous_3)","decl":{"start":{"line":50,"column":28},"end":{"line":50,"column":29}},"loc":{"start":{"line":51,"column":20},"end":{"line":52,"column":null}}},"4":{"name":"(anonymous_4)","decl":{"start":{"line":62,"column":33},"end":{"line":62,"column":36}},"loc":{"start":{"line":62,"column":39},"end":{"line":62,"column":71}}}},"branchMap":{"0":{"loc":{"start":{"line":28,"column":7},"end":{"line":74,"column":null}},"type":"binary-expr","locations":[{"start":{"line":28,"column":7},"end":{"line":28,"column":13}},{"start":{"line":29,"column":8},"end":{"line":73,"column":null}}]},"1":{"loc":{"start":{"line":39,"column":30},"end":{"line":39,"column":75}},"type":"cond-expr","locations":[{"start":{"line":39,"column":39},"end":{"line":39,"column":54}},{"start":{"line":39,"column":57},"end":{"line":39,"column":75}}]}},"s":{"0":2,"1":2,"2":2,"3":2,"4":2,"5":2,"6":0,"7":2,"8":10,"9":10,"10":0,"11":10,"12":0,"13":0,"14":2},"f":{"0":0,"1":10,"2":0,"3":0,"4":0},"b":{"0":[10,5],"1":[5,0]}}
,"/Users/taroschenker/Documents/Web Development/2023/Projects/2023 Q4/london-cashmere/client/src/features/Cart/components/CartProductItem/CartProductItem.tsx": {"path":"/Users/taroschenker/Documents/Web Development/2023/Projects/2023 Q4/london-cashmere/client/src/features/Cart/components/CartProductItem/CartProductItem.tsx","statementMap":{"0":{"start":{"line":8,"column":56},"end":{"line":35,"column":1}},"1":{"start":{"line":9,"column":2},"end":{"line":34,"column":4}},"2":{"start":{"line":37,"column":0},"end":{"line":37,"column":31}}},"fnMap":{"0":{"name":"(anonymous_0)","decl":{"start":{"line":8,"column":56},"end":{"line":8,"column":57}},"loc":{"start":{"line":8,"column":72},"end":{"line":35,"column":1}}}},"branchMap":{},"s":{"0":3,"1":8,"2":3},"f":{"0":8},"b":{}}
,"/Users/taroschenker/Documents/Web Development/2023/Projects/2023 Q4/london-cashmere/client/src/features/Cart/components/CartTotal/CartTotal.tsx": {"path":"/Users/taroschenker/Documents/Web Development/2023/Projects/2023 Q4/london-cashmere/client/src/features/Cart/components/CartTotal/CartTotal.tsx","statementMap":{"0":{"start":{"line":1,"column":0},"end":{"line":1,"column":40}},"1":{"start":{"line":8,"column":44},"end":{"line":23,"column":1}},"2":{"start":{"line":9,"column":2},"end":{"line":22,"column":4}},"3":{"start":{"line":25,"column":0},"end":{"line":25,"column":25}}},"fnMap":{"0":{"name":"(anonymous_0)","decl":{"start":{"line":8,"column":44},"end":{"line":8,"column":45}},"loc":{"start":{"line":8,"column":73},"end":{"line":23,"column":1}}}},"branchMap":{},"s":{"0":3,"1":3,"2":7,"3":3},"f":{"0":7},"b":{}}
,"/Users/taroschenker/Documents/Web Development/2023/Projects/2023 Q4/london-cashmere/client/src/features/Checkout/components/CheckoutForm.tsx": {"path":"/Users/taroschenker/Documents/Web Development/2023/Projects/2023 Q4/london-cashmere/client/src/features/Checkout/components/CheckoutForm.tsx","statementMap":{"0":{"start":{"line":1,"column":0},"end":{"line":1,"column":65}},"1":{"start":{"line":2,"column":0},"end":{"line":2,"column":73}},"2":{"start":{"line":4,"column":21},"end":{"line":109,"column":1}},"3":{"start":{"line":5,"column":2},"end":{"line":108,"column":4}},"4":{"start":{"line":111,"column":0},"end":{"line":111,"column":28}}},"fnMap":{"0":{"name":"(anonymous_0)","decl":{"start":{"line":4,"column":21},"end":{"line":4,"column":24}},"loc":{"start":{"line":4,"column":26},"end":{"line":109,"column":1}}}},"branchMap":{},"s":{"0":1,"1":1,"2":1,"3":5,"4":1},"f":{"0":5},"b":{}}
,"/Users/taroschenker/Documents/Web Development/2023/Projects/2023 Q4/london-cashmere/client/src/features/Checkout/components/OrderItem.tsx": {"path":"/Users/taroschenker/Documents/Web Development/2023/Projects/2023 Q4/london-cashmere/client/src/features/Checkout/components/OrderItem.tsx","statementMap":{"0":{"start":{"line":3,"column":52},"end":{"line":16,"column":null}},"1":{"start":{"line":4,"column":2},"end":{"line":15,"column":null}},"2":{"start":{"line":19,"column":0},"end":{"line":19,"column":25}}},"fnMap":{"0":{"name":"(anonymous_0)","decl":{"start":{"line":3,"column":52},"end":{"line":3,"column":53}},"loc":{"start":{"line":4,"column":2},"end":{"line":15,"column":null}}}},"branchMap":{},"s":{"0":2,"1":11,"2":2},"f":{"0":11},"b":{}}
,"/Users/taroschenker/Documents/Web Development/2023/Projects/2023 Q4/london-cashmere/client/src/features/Checkout/components/OrderSummary.tsx": {"path":"/Users/taroschenker/Documents/Web Development/2023/Projects/2023 Q4/london-cashmere/client/src/features/Checkout/components/OrderSummary.tsx","statementMap":{"0":{"start":{"line":3,"column":0},"end":{"line":3,"column":65}},"1":{"start":{"line":4,"column":0},"end":{"line":4,"column":66}},"2":{"start":{"line":6,"column":0},"end":{"line":6,"column":36}},"3":{"start":{"line":12,"column":50},"end":{"line":39,"column":1}},"4":{"start":{"line":13,"column":22},"end":{"line":15,"column":null}},"5":{"start":{"line":14,"column":25},"end":{"line":14,"column":75}},"6":{"start":{"line":18,"column":2},"end":{"line":38,"column":4}},"7":{"start":{"line":29,"column":10},"end":{"line":29,"column":67}},"8":{"start":{"line":41,"column":0},"end":{"line":41,"column":28}}},"fnMap":{"0":{"name":"(anonymous_0)","decl":{"start":{"line":12,"column":50},"end":{"line":12,"column":51}},"loc":{"start":{"line":12,"column":63},"end":{"line":39,"column":1}}},"1":{"name":"(anonymous_1)","decl":{"start":{"line":14,"column":4},"end":{"line":14,"column":5}},"loc":{"start":{"line":14,"column":25},"end":{"line":14,"column":75}}},"2":{"name":"(anonymous_2)","decl":{"start":{"line":28,"column":18},"end":{"line":28,"column":19}},"loc":{"start":{"line":29,"column":10},"end":{"line":29,"column":67}}}},"branchMap":{},"s":{"0":1,"1":1,"2":1,"3":1,"4":3,"5":6,"6":3,"7":6,"8":1},"f":{"0":3,"1":6,"2":6},"b":{}}
,"/Users/taroschenker/Documents/Web Development/2023/Projects/2023 Q4/london-cashmere/client/src/features/Home/HomePage.tsx": {"path":"/Users/taroschenker/Documents/Web Development/2023/Projects/2023 Q4/london-cashmere/client/src/features/Home/HomePage.tsx","statementMap":{"0":{"start":{"line":1,"column":0},"end":{"line":1,"column":51}},"1":{"start":{"line":2,"column":0},"end":{"line":2,"column":42}},"2":{"start":{"line":3,"column":0},"end":{"line":3,"column":48}},"3":{"start":{"line":4,"column":0},"end":{"line":4,"column":48}},"4":{"start":{"line":5,"column":0},"end":{"line":5,"column":50}},"5":{"start":{"line":6,"column":0},"end":{"line":6,"column":40}},"6":{"start":{"line":8,"column":17},"end":{"line":52,"column":1}},"7":{"start":{"line":9,"column":46},"end":{"line":9,"column":61}},"8":{"start":{"line":10,"column":48},"end":{"line":10,"column":63}},"9":{"start":{"line":12,"column":23},"end":{"line":18,"column":3}},"10":{"start":{"line":13,"column":4},"end":{"line":17,"column":null}},"11":{"start":{"line":15,"column":6},"end":{"line":15,"column":31}},"12":{"start":{"line":16,"column":6},"end":{"line":16,"column":32}},"13":{"start":{"line":20,"column":2},"end":{"line":28,"column":23}},"14":{"start":{"line":22,"column":4},"end":{"line":22,"column":52}},"15":{"start":{"line":25,"column":4},"end":{"line":27,"column":6}},"16":{"start":{"line":26,"column":6},"end":{"line":26,"column":57}},"17":{"start":{"line":29,"column":2},"end":{"line":51,"column":4}},"18":{"start":{"line":33,"column":23},"end":{"line":33,"column":47}},"19":{"start":{"line":37,"column":23},"end":{"line":37,"column":48}},"20":{"start":{"line":54,"column":0},"end":{"line":54,"column":24}}},"fnMap":{"0":{"name":"(anonymous_0)","decl":{"start":{"line":8,"column":17},"end":{"line":8,"column":20}},"loc":{"start":{"line":8,"column":22},"end":{"line":52,"column":1}}},"1":{"name":"(anonymous_1)","decl":{"start":{"line":12,"column":23},"end":{"line":12,"column":26}},"loc":{"start":{"line":12,"column":28},"end":{"line":18,"column":3}}},"2":{"name":"(anonymous_2)","decl":{"start":{"line":20,"column":12},"end":{"line":20,"column":15}},"loc":{"start":{"line":20,"column":17},"end":{"line":28,"column":3}}},"3":{"name":"(anonymous_3)","decl":{"start":{"line":25,"column":11},"end":{"line":25,"column":14}},"loc":{"start":{"line":25,"column":16},"end":{"line":27,"column":5}}},"4":{"name":"(anonymous_4)","decl":{"start":{"line":33,"column":17},"end":{"line":33,"column":20}},"loc":{"start":{"line":33,"column":23},"end":{"line":33,"column":47}}},"5":{"name":"(anonymous_5)","decl":{"start":{"line":37,"column":17},"end":{"line":37,"column":20}},"loc":{"start":{"line":37,"column":23},"end":{"line":37,"column":48}}}},"branchMap":{"0":{"loc":{"start":{"line":13,"column":4},"end":{"line":17,"column":null}},"type":"if","locations":[{"start":{"line":13,"column":4},"end":{"line":17,"column":null}}]},"1":{"loc":{"start":{"line":13,"column":8},"end":{"line":13,"column":70}},"type":"binary-expr","locations":[{"start":{"line":13,"column":8},"end":{"line":13,"column":31}},{"start":{"line":13,"column":36},"end":{"line":13,"column":50}},{"start":{"line":13,"column":54},"end":{"line":13,"column":69}}]}},"s":{"0":1,"1":1,"2":1,"3":1,"4":1,"5":1,"6":1,"7":4,"8":4,"9":4,"10":0,"11":0,"12":0,"13":4,"14":4,"15":4,"16":4,"17":4,"18":0,"19":0,"20":1},"f":{"0":4,"1":0,"2":4,"3":4,"4":0,"5":0},"b":{"0":[0],"1":[0,0,0]}}
,"/Users/taroschenker/Documents/Web Development/2023/Projects/2023 Q4/london-cashmere/client/src/features/Products/components/AddToCartButton/AddToCartButton.tsx": {"path":"/Users/taroschenker/Documents/Web Development/2023/Projects/2023 Q4/london-cashmere/client/src/features/Products/components/AddToCartButton/AddToCartButton.tsx","statementMap":{"0":{"start":{"line":1,"column":0},"end":{"line":1,"column":40}},"1":{"start":{"line":2,"column":0},"end":{"line":2,"column":62}},"2":{"start":{"line":4,"column":0},"end":{"line":4,"column":39}},"3":{"start":{"line":12,"column":56},"end":{"line":54,"column":1}},"4":{"start":{"line":17,"column":40},"end":{"line":17,"column":68}},"5":{"start":{"line":18,"column":40},"end":{"line":18,"column":64}},"6":{"start":{"line":19,"column":27},"end":{"line":19,"column":48}},"7":{"start":{"line":21,"column":26},"end":{"line":37,"column":3}},"8":{"start":{"line":22,"column":4},"end":{"line":22,"column":23}},"9":{"start":{"line":23,"column":4},"end":{"line":26,"column":7}},"10":{"start":{"line":28,"column":4},"end":{"line":28,"column":27}},"11":{"start":{"line":28,"column":17},"end":{"line":28,"column":27}},"12":{"start":{"line":30,"column":4},"end":{"line":30,"column":29}},"13":{"start":{"line":31,"column":4},"end":{"line":31,"column":25}},"14":{"start":{"line":33,"column":4},"end":{"line":36,"column":13}},"15":{"start":{"line":34,"column":6},"end":{"line":34,"column":33}},"16":{"start":{"line":35,"column":6},"end":{"line":35,"column":28}},"17":{"start":{"line":39,"column":25},"end":{"line":41,"column":43}},"18":{"start":{"line":43,"column":2},"end":{"line":53,"column":4}},"19":{"start":{"line":56,"column":0},"end":{"line":56,"column":31}}},"fnMap":{"0":{"name":"(anonymous_0)","decl":{"start":{"line":12,"column":56},"end":{"line":12,"column":57}},"loc":{"start":{"line":16,"column":5},"end":{"line":54,"column":1}}},"1":{"name":"(anonymous_1)","decl":{"start":{"line":21,"column":26},"end":{"line":21,"column":29}},"loc":{"start":{"line":21,"column":31},"end":{"line":37,"column":3}}},"2":{"name":"(anonymous_2)","decl":{"start":{"line":33,"column":15},"end":{"line":33,"column":18}},"loc":{"start":{"line":33,"column":20},"end":{"line":36,"column":5}}}},"branchMap":{"0":{"loc":{"start":{"line":14,"column":2},"end":{"line":14,"column":28}},"type":"default-arg","locations":[{"start":{"line":14,"column":15},"end":{"line":14,"column":28}}]},"1":{"loc":{"start":{"line":28,"column":4},"end":{"line":28,"column":27}},"type":"if","locations":[{"start":{"line":28,"column":4},"end":{"line":28,"column":27}}]},"2":{"loc":{"start":{"line":39,"column":25},"end":{"line":41,"column":43}},"type":"cond-expr","locations":[{"start":{"line":40,"column":6},"end":{"line":40,"column":46}},{"start":{"line":41,"column":6},"end":{"line":41,"column":43}}]},"3":{"loc":{"start":{"line":46,"column":8},"end":{"line":46,"column":null}},"type":"cond-expr","locations":[{"start":{"line":46,"column":35},"end":{"line":46,"column":66}},{"start":{"line":46,"column":69},"end":{"line":46,"column":null}}]}},"s":{"0":3,"1":3,"2":3,"3":3,"4":13,"5":13,"6":13,"7":13,"8":0,"9":0,"10":0,"11":0,"12":0,"13":0,"14":0,"15":0,"16":0,"17":13,"18":13,"19":3},"f":{"0":13,"1":0,"2":0},"b":{"0":[13],"1":[0],"2":[0,13],"3":[2,11]}}
,"/Users/taroschenker/Documents/Web Development/2023/Projects/2023 Q4/london-cashmere/client/src/features/Products/components/Footer/Footer.tsx": {"path":"/Users/taroschenker/Documents/Web Development/2023/Projects/2023 Q4/london-cashmere/client/src/features/Products/components/Footer/Footer.tsx","statementMap":{"0":{"start":{"line":2,"column":0},"end":{"line":2,"column":40}},"1":{"start":{"line":4,"column":15},"end":{"line":29,"column":1}},"2":{"start":{"line":5,"column":2},"end":{"line":28,"column":4}},"3":{"start":{"line":31,"column":0},"end":{"line":31,"column":22}}},"fnMap":{"0":{"name":"(anonymous_0)","decl":{"start":{"line":4,"column":15},"end":{"line":4,"column":18}},"loc":{"start":{"line":4,"column":20},"end":{"line":29,"column":1}}}},"branchMap":{},"s":{"0":1,"1":1,"2":4,"3":1},"f":{"0":4},"b":{}}
,"/Users/taroschenker/Documents/Web Development/2023/Projects/2023 Q4/london-cashmere/client/src/features/Products/components/ProductCard/ProductCard.tsx": {"path":"/Users/taroschenker/Documents/Web Development/2023/Projects/2023 Q4/london-cashmere/client/src/features/Products/components/ProductCard/ProductCard.tsx","statementMap":{"0":{"start":{"line":4,"column":0},"end":{"line":4,"column":40}},"1":{"start":{"line":6,"column":0},"end":{"line":6,"column":65}},"2":{"start":{"line":11,"column":48},"end":{"line":51,"column":1}},"3":{"start":{"line":12,"column":2},"end":{"line":50,"column":4}},"4":{"start":{"line":53,"column":0},"end":{"line":53,"column":27}}},"fnMap":{"0":{"name":"(anonymous_0)","decl":{"start":{"line":11,"column":48},"end":{"line":11,"column":49}},"loc":{"start":{"line":11,"column":64},"end":{"line":51,"column":1}}}},"branchMap":{"0":{"loc":{"start":{"line":22,"column":9},"end":{"line":25,"column":null}},"type":"binary-expr","locations":[{"start":{"line":22,"column":9},"end":{"line":22,"column":33}},{"start":{"line":23,"column":10},"end":{"line":23,"column":null}}]}},"s":{"0":2,"1":2,"2":2,"3":7,"4":2},"f":{"0":7},"b":{"0":[7,2]}}
,"/Users/taroschenker/Documents/Web Development/2023/Projects/2023 Q4/london-cashmere/client/src/features/Products/components/ProductGrid/ProductGrid.tsx": {"path":"/Users/taroschenker/Documents/Web Development/2023/Projects/2023 Q4/london-cashmere/client/src/features/Products/components/ProductGrid/ProductGrid.tsx","statementMap":{"0":{"start":{"line":2,"column":0},"end":{"line":2,"column":53}},"1":{"start":{"line":9,"column":48},"end":{"line":20,"column":1}},"2":{"start":{"line":10,"column":2},"end":{"line":19,"column":4}},"3":{"start":{"line":15,"column":10},"end":{"line":15,"column":49}},"4":{"start":{"line":22,"column":0},"end":{"line":22,"column":27}}},"fnMap":{"0":{"name":"(anonymous_0)","decl":{"start":{"line":9,"column":48},"end":{"line":9,"column":49}},"loc":{"start":{"line":9,"column":65},"end":{"line":20,"column":1}}},"1":{"name":"(anonymous_1)","decl":{"start":{"line":14,"column":22},"end":{"line":14,"column":23}},"loc":{"start":{"line":15,"column":10},"end":{"line":15,"column":49}}}},"branchMap":{},"s":{"0":1,"1":1,"2":1,"3":2,"4":1},"f":{"0":1,"1":2},"b":{}}
,"/Users/taroschenker/Documents/Web Development/2023/Projects/2023 Q4/london-cashmere/client/src/features/Products/components/ProductInfo/ProductInfo.tsx": {"path":"/Users/taroschenker/Documents/Web Development/2023/Projects/2023 Q4/london-cashmere/client/src/features/Products/components/ProductInfo/ProductInfo.tsx","statementMap":{"0":{"start":{"line":3,"column":0},"end":{"line":3,"column":65}},"1":{"start":{"line":9,"column":48},"end":{"line":47,"column":1}},"2":{"start":{"line":10,"column":2},"end":{"line":46,"column":4}},"3":{"start":{"line":49,"column":0},"end":{"line":49,"column":27}}},"fnMap":{"0":{"name":"(anonymous_0)","decl":{"start":{"line":9,"column":48},"end":{"line":9,"column":49}},"loc":{"start":{"line":9,"column":64},"end":{"line":47,"column":1}}}},"branchMap":{},"s":{"0":1,"1":1,"2":6,"3":1},"f":{"0":6},"b":{}}
,"/Users/taroschenker/Documents/Web Development/2023/Projects/2023 Q4/london-cashmere/client/src/features/Products/components/SaleBanner/SaleBanner.tsx": {"path":"/Users/taroschenker/Documents/Web Development/2023/Projects/2023 Q4/london-cashmere/client/src/features/Products/components/SaleBanner/SaleBanner.tsx","statementMap":{"0":{"start":{"line":3,"column":19},"end":{"line":16,"column":1}},"1":{"start":{"line":4,"column":2},"end":{"line":15,"column":4}},"2":{"start":{"line":18,"column":0},"end":{"line":18,"column":26}}},"fnMap":{"0":{"name":"(anonymous_0)","decl":{"start":{"line":3,"column":19},"end":{"line":3,"column":22}},"loc":{"start":{"line":3,"column":24},"end":{"line":16,"column":1}}}},"branchMap":{},"s":{"0":1,"1":2,"2":1},"f":{"0":2},"b":{}}
,"/Users/taroschenker/Documents/Web Development/2023/Projects/2023 Q4/london-cashmere/client/src/hooks/useAddToCart.ts": {"path":"/Users/taroschenker/Documents/Web Development/2023/Projects/2023 Q4/london-cashmere/client/src/hooks/useAddToCart.ts","statementMap":{"0":{"start":{"line":1,"column":0},"end":{"line":1,"column":36}},"1":{"start":{"line":2,"column":0},"end":{"line":2,"column":43}},"2":{"start":{"line":5,"column":28},"end":{"line":13,"column":1}},"3":{"start":{"line":6,"column":24},"end":{"line":6,"column":33}},"4":{"start":{"line":8,"column":28},"end":{"line":10,"column":26}},"5":{"start":{"line":9,"column":4},"end":{"line":9,"column":26}},"6":{"start":{"line":12,"column":2},"end":{"line":12,"column":27}},"7":{"start":{"line":5,"column":13},"end":{"line":5,"column":28}}},"fnMap":{"0":{"name":"(anonymous_0)","decl":{"start":{"line":5,"column":28},"end":{"line":5,"column":29}},"loc":{"start":{"line":5,"column":50},"end":{"line":13,"column":1}}},"1":{"name":"(anonymous_1)","decl":{"start":{"line":8,"column":40},"end":{"line":8,"column":43}},"loc":{"start":{"line":8,"column":45},"end":{"line":10,"column":3}}}},"branchMap":{},"s":{"0":3,"1":3,"2":3,"3":13,"4":13,"5":0,"6":13,"7":3},"f":{"0":13,"1":0},"b":{}}
,"/Users/taroschenker/Documents/Web Development/2023/Projects/2023 Q4/london-cashmere/client/src/hooks/useAuth.ts": {"path":"/Users/taroschenker/Documents/Web Development/2023/Projects/2023 Q4/london-cashmere/client/src/hooks/useAuth.ts","statementMap":{"0":{"start":{"line":1,"column":0},"end":{"line":1,"column":35}},"1":{"start":{"line":2,"column":0},"end":{"line":2,"column":53}},"2":{"start":{"line":4,"column":23},"end":{"line":12,"column":1}},"3":{"start":{"line":5,"column":22},"end":{"line":5,"column":45}},"4":{"start":{"line":6,"column":2},"end":{"line":10,"column":null}},"5":{"start":{"line":7,"column":4},"end":{"line":9,"column":6}},"6":{"start":{"line":11,"column":2},"end":{"line":11,"column":21}},"7":{"start":{"line":4,"column":13},"end":{"line":4,"column":23}}},"fnMap":{"0":{"name":"(anonymous_0)","decl":{"start":{"line":4,"column":23},"end":{"line":4,"column":26}},"loc":{"start":{"line":4,"column":28},"end":{"line":12,"column":1}}}},"branchMap":{"0":{"loc":{"start":{"line":6,"column":2},"end":{"line":10,"column":null}},"type":"if","locations":[{"start":{"line":6,"column":2},"end":{"line":10,"column":null}}]}},"s":{"0":3,"1":3,"2":3,"3":4,"4":4,"5":0,"6":4,"7":3},"f":{"0":4},"b":{"0":[0]}}
,"/Users/taroschenker/Documents/Web Development/2023/Projects/2023 Q4/london-cashmere/client/src/hooks/useCart.ts": {"path":"/Users/taroschenker/Documents/Web Development/2023/Projects/2023 Q4/london-cashmere/client/src/hooks/useCart.ts","statementMap":{"0":{"start":{"line":1,"column":0},"end":{"line":1,"column":35}},"1":{"start":{"line":2,"column":0},"end":{"line":2,"column":53}},"2":{"start":{"line":4,"column":23},"end":{"line":10,"column":1}},"3":{"start":{"line":5,"column":18},"end":{"line":5,"column":41}},"4":{"start":{"line":6,"column":2},"end":{"line":8,"column":null}},"5":{"start":{"line":7,"column":4},"end":{"line":7,"column":66}},"6":{"start":{"line":9,"column":2},"end":{"line":9,"column":17}},"7":{"start":{"line":4,"column":13},"end":{"line":4,"column":23}}},"fnMap":{"0":{"name":"(anonymous_0)","decl":{"start":{"line":4,"column":23},"end":{"line":4,"column":26}},"loc":{"start":{"line":4,"column":28},"end":{"line":10,"column":1}}}},"branchMap":{"0":{"loc":{"start":{"line":6,"column":2},"end":{"line":8,"column":null}},"type":"if","locations":[{"start":{"line":6,"column":2},"end":{"line":8,"column":null}}]}},"s":{"0":6,"1":6,"2":6,"3":30,"4":30,"5":0,"6":30,"7":6},"f":{"0":30},"b":{"0":[0]}}
,"/Users/taroschenker/Documents/Web Development/2023/Projects/2023 Q4/london-cashmere/client/src/pages/AboutPage/AboutPage.tsx": {"path":"/Users/taroschenker/Documents/Web Development/2023/Projects/2023 Q4/london-cashmere/client/src/pages/AboutPage/AboutPage.tsx","statementMap":{"0":{"start":{"line":3,"column":0},"end":{"line":3,"column":68}},"1":{"start":{"line":4,"column":0},"end":{"line":4,"column":181}},"2":{"start":{"line":6,"column":0},"end":{"line":6,"column":156}},"3":{"start":{"line":7,"column":31},"end":{"line":78,"column":1}},"4":{"start":{"line":8,"column":2},"end":{"line":77,"column":4}},"5":{"start":{"line":80,"column":0},"end":{"line":80,"column":28}}},"fnMap":{"0":{"name":"(anonymous_0)","decl":{"start":{"line":7,"column":31},"end":{"line":7,"column":34}},"loc":{"start":{"line":7,"column":36},"end":{"line":78,"column":1}}}},"branchMap":{},"s":{"0":1,"1":1,"2":1,"3":1,"4":1,"5":1},"f":{"0":1},"b":{}}
}
