TN:
SF:src/__test__/helpers/renderWithProvider.tsx
FN:12,(anonymous_0)
FN:23,(anonymous_1)
FNF:2
FNH:2
FNDA:32,(anonymous_0)
FNDA:32,(anonymous_1)
DA:1,7
DA:2,7
DA:3,7
DA:4,7
DA:12,7
DA:21,32
DA:23,32
DA:24,32
DA:26,32
DA:27,16
DA:30,32
DA:31,8
DA:34,32
DA:35,25
DA:38,32
DA:41,32
DA:44,7
LF:17
LH:17
BRDA:14,0,0,5
BRDA:17,1,0,5
BRDA:18,2,0,5
BRDA:19,3,0,5
BRDA:26,4,0,16
BRDA:30,5,0,8
BRDA:34,6,0,25
BRF:7
BRH:7
end_of_record
TN:
SF:src/common/components/ErrorBoundry/ErrorBoundary.tsx
FN:15,(anonymous_0)
FN:19,(anonymous_1)
FN:23,(anonymous_2)
FNF:3
FNH:3
FNDA:4,(anonymous_0)
FNDA:2,(anonymous_1)
FNDA:9,(anonymous_2)
DA:1,1
DA:12,5
DA:16,4
DA:20,2
DA:24,9
DA:25,4
DA:27,5
DA:31,1
LF:8
LH:8
BRDA:24,0,0,4
BRF:1
BRH:1
end_of_record
TN:
SF:src/common/components/Icons/DesktopIcons/DesktopIcons.tsx
FN:15,(anonymous_0)
FN:25,(anonymous_1)
FN:37,(anonymous_2)
FN:37,(anonymous_3)
FNF:4
FNH:1
FNDA:4,(anonymous_0)
FNDA:0,(anonymous_1)
FNDA:0,(anonymous_2)
FNDA:0,(anonymous_3)
DA:1,1
DA:9,1
DA:10,1
DA:15,1
DA:16,4
DA:17,4
DA:25,0
DA:37,0
DA:59,1
LF:9
LH:7
BRF:0
BRH:0
end_of_record
TN:
SF:src/common/components/Icons/MobileIcons/MobileIcons.tsx
FN:18,(anonymous_0)
FN:28,(anonymous_1)
FN:42,(anonymous_2)
FN:54,(anonymous_3)
FN:54,(anonymous_4)
FNF:5
FNH:1
FNDA:4,(anonymous_0)
FNDA:0,(anonymous_1)
FNDA:0,(anonymous_2)
FNDA:0,(anonymous_3)
FNDA:0,(anonymous_4)
DA:1,1
DA:9,1
DA:10,1
DA:18,1
DA:23,4
DA:24,4
DA:28,0
DA:42,0
DA:54,0
DA:70,1
LF:10
LH:7
BRF:0
BRH:0
end_of_record
TN:
SF:src/common/components/Logo/Logo.tsx
FN:3,(anonymous_0)
FNF:1
FNH:1
FNDA:4,(anonymous_0)
DA:1,1
DA:3,1
DA:4,4
DA:22,1
LF:4
LH:4
BRF:0
BRH:0
end_of_record
TN:
SF:src/common/components/UserStatus/UserStatus.tsx
FN:11,(anonymous_0)
FN:15,(anonymous_1)
FNF:2
FNH:1
FNDA:6,(anonymous_0)
FNDA:0,(anonymous_1)
DA:2,2
DA:3,2
DA:4,2
DA:5,2
DA:11,2
DA:12,6
DA:13,6
DA:15,6
DA:16,0
DA:17,0
DA:18,0
DA:21,6
DA:39,2
LF:13
LH:10
BRDA:23,0,0,1
BRDA:23,0,1,5
BRF:2
BRH:2
end_of_record
TN:
SF:src/common/layout/DesktopNav.tsx
FN:3,(anonymous_0)
FN:7,(anonymous_1)
FN:15,(anonymous_2)
FN:23,(anonymous_3)
FN:31,(anonymous_4)
FNF:5
FNH:5
FNDA:4,(anonymous_0)
FNDA:4,(anonymous_1)
FNDA:4,(anonymous_2)
FNDA:4,(anonymous_3)
FNDA:4,(anonymous_4)
DA:1,1
DA:3,1
DA:4,4
DA:8,4
DA:16,4
DA:24,4
DA:32,4
DA:40,1
LF:8
LH:8
BRDA:8,0,0,4
BRDA:8,0,1,0
BRDA:16,1,0,0
BRDA:16,1,1,4
BRDA:24,2,0,0
BRDA:24,2,1,4
BRDA:32,3,0,0
BRDA:32,3,1,4
BRF:8
BRH:4
end_of_record
TN:
SF:src/common/layout/Footer.tsx
FN:10,(anonymous_0)
FNF:1
FNH:1
FNDA:4,(anonymous_0)
DA:2,1
DA:3,1
DA:8,1
DA:10,1
DA:11,4
DA:55,1
LF:6
LH:6
BRF:0
BRH:0
end_of_record
TN:
SF:src/common/layout/Header.tsx
FN:14,(anonymous_0)
FNF:1
FNH:1
FNDA:4,(anonymous_0)
DA:2,1
DA:3,1
DA:4,1
DA:5,1
DA:6,1
DA:14,1
DA:19,4
DA:46,1
LF:8
LH:8
BRF:0
BRH:0
end_of_record
TN:
SF:src/common/layout/Sidebar.tsx
FN:21,(anonymous_0)
FN:78,(anonymous_1)
FN:89,(anonymous_2)
FNF:3
FNH:3
FNDA:4,(anonymous_0)
FNDA:32,(anonymous_1)
FNDA:32,(anonymous_2)
DA:2,1
DA:3,1
DA:4,1
DA:21,1
DA:22,4
DA:79,32
DA:90,32
DA:119,1
LF:8
LH:8
BRDA:25,0,0,4
BRDA:25,0,1,0
BRDA:37,1,0,0
BRDA:37,1,1,4
BRDA:90,2,0,4
BRDA:90,2,1,28
BRF:6
BRH:4
end_of_record
TN:
SF:src/context/AuthContext.tsx
FN:28,(anonymous_0)
FN:31,(anonymous_1)
FN:44,(anonymous_2)
FN:60,(anonymous_3)
FN:78,(anonymous_4)
FNF:5
FNH:1
FNDA:10,(anonymous_0)
FNDA:0,(anonymous_1)
FNDA:0,(anonymous_2)
FNDA:0,(anonymous_3)
FNDA:0,(anonymous_4)
DA:1,8
DA:2,8
DA:21,8
DA:28,8
DA:29,10
DA:31,10
DA:32,0
DA:33,0
DA:38,0
DA:40,0
DA:44,10
DA:45,0
DA:46,0
DA:53,0
DA:54,0
DA:56,0
DA:60,10
DA:62,0
DA:65,0
DA:71,10
DA:78,8
DA:79,0
DA:80,0
DA:81,0
DA:83,0
LF:25
LH:10
BRDA:80,0,0,0
BRF:1
BRH:0
end_of_record
TN:
SF:src/context/CartContext.tsx
FN:24,(anonymous_0)
FN:27,(anonymous_1)
FN:31,(anonymous_2)
FN:32,(anonymous_3)
FN:35,(anonymous_4)
FN:37,(anonymous_5)
FN:45,(anonymous_6)
FNF:7
FNH:1
FNDA:25,(anonymous_0)
FNDA:0,(anonymous_1)
FNDA:0,(anonymous_2)
FNDA:0,(anonymous_3)
FNDA:0,(anonymous_4)
FNDA:0,(anonymous_5)
FNDA:0,(anonymous_6)
DA:1,7
DA:20,7
DA:24,7
DA:25,25
DA:27,25
DA:28,0
DA:31,25
DA:32,0
DA:35,25
DA:36,0
DA:38,0
DA:45,25
DA:46,0
DA:49,25
LF:14
LH:9
BRDA:38,0,0,0
BRDA:38,0,1,0
BRF:2
BRH:0
end_of_record
TN:
SF:src/features/Cart/CartPage.tsx
FN:14,(anonymous_0)
FN:18,(anonymous_1)
FN:44,(anonymous_2)
FN:56,(anonymous_3)
FNF:4
FNH:1
FNDA:8,(anonymous_0)
FNDA:0,(anonymous_1)
FNDA:0,(anonymous_2)
FNDA:0,(anonymous_3)
DA:2,2
DA:3,2
DA:4,2
DA:5,2
DA:6,2
DA:14,2
DA:15,8
DA:17,8
DA:18,0
DA:22,8
DA:45,0
DA:56,0
DA:72,2
LF:13
LH:10
BRDA:24,0,0,8
BRDA:24,0,1,3
BRDA:33,1,0,3
BRDA:33,1,1,5
BRF:4
BRH:4
end_of_record
TN:
SF:src/features/Cart/components/CartProductItem/CartProductItem.tsx
FN:8,(anonymous_0)
FNF:1
FNH:1
FNDA:8,(anonymous_0)
DA:8,3
DA:9,8
DA:37,3
LF:3
LH:3
BRF:0
BRH:0
end_of_record
TN:
SF:src/features/Cart/components/CartTotal/CartTotal.tsx
FN:7,(anonymous_0)
FNF:1
FNH:1
FNDA:10,(anonymous_0)
DA:1,3
DA:7,3
DA:8,10
DA:23,3
LF:4
LH:4
BRF:0
BRH:0
end_of_record
TN:
SF:src/features/Home/HomePage.tsx
FN:8,(anonymous_0)
FN:12,(anonymous_1)
FN:20,(anonymous_2)
FN:25,(anonymous_3)
FN:33,(anonymous_4)
FN:37,(anonymous_5)
FNF:6
FNH:3
FNDA:4,(anonymous_0)
FNDA:0,(anonymous_1)
FNDA:4,(anonymous_2)
FNDA:4,(anonymous_3)
FNDA:0,(anonymous_4)
FNDA:0,(anonymous_5)
DA:1,1
DA:2,1
DA:3,1
DA:4,1
DA:5,1
DA:6,1
DA:8,1
DA:9,4
DA:10,4
DA:12,4
DA:13,0
DA:15,0
DA:16,0
DA:20,4
DA:22,4
DA:25,4
DA:26,4
DA:29,4
DA:33,0
DA:37,0
DA:54,1
LF:21
LH:16
BRDA:13,0,0,0
BRDA:13,1,0,0
BRDA:13,1,1,0
BRDA:13,1,2,0
BRF:4
BRH:0
end_of_record
TN:
SF:src/features/Products/components/Footer/Footer.tsx
FN:4,(anonymous_0)
FNF:1
FNH:1
FNDA:4,(anonymous_0)
DA:2,1
DA:4,1
DA:5,4
DA:31,1
LF:4
LH:4
BRF:0
BRH:0
end_of_record
TN:
SF:src/features/Products/components/ProductCard/ProductCard.tsx
FN:8,(anonymous_0)
FN:43,(anonymous_1)
FNF:2
FNH:2
FNDA:11,(anonymous_0)
FNDA:16,(anonymous_1)
DA:3,2
DA:8,2
DA:9,11
DA:10,11
DA:44,16
DA:67,2
LF:6
LH:6
BRDA:18,0,0,11
BRDA:18,0,1,2
BRDA:53,1,0,2
BRDA:53,1,1,9
BRF:4
BRH:4
end_of_record
TN:
SF:src/features/Products/components/ProductGrid/ProductGrid.tsx
FN:10,(anonymous_0)
FN:15,(anonymous_1)
FNF:2
FNH:2
FNDA:3,(anonymous_0)
FNDA:6,(anonymous_1)
DA:2,1
DA:3,1
DA:10,1
DA:11,3
DA:16,6
DA:25,1
LF:6
LH:6
BRF:0
BRH:0
end_of_record
TN:
SF:src/features/Products/components/ProductInfo/ProductInfo.tsx
FN:9,(anonymous_0)
FN:27,(anonymous_1)
FNF:2
FNH:2
FNDA:6,(anonymous_0)
FNDA:12,(anonymous_1)
DA:3,1
DA:9,1
DA:10,6
DA:11,6
DA:28,12
DA:71,1
LF:6
LH:6
BRDA:42,0,0,0
BRDA:42,0,1,6
BRF:2
BRH:1
end_of_record
TN:
SF:src/features/Products/components/SaleBanner/SaleBanner.tsx
FN:3,(anonymous_0)
FNF:1
FNH:1
FNDA:2,(anonymous_0)
DA:3,1
DA:4,2
DA:18,1
LF:3
LH:3
BRF:0
BRH:0
end_of_record
TN:
SF:src/hooks/useAddToCart.ts
FN:5,(anonymous_0)
FN:8,(anonymous_1)
FNF:2
FNH:1
FNDA:17,(anonymous_0)
FNDA:0,(anonymous_1)
DA:1,3
DA:2,3
DA:5,3
DA:6,17
DA:8,17
DA:9,0
DA:12,17
LF:7
LH:6
BRF:0
BRH:0
end_of_record
TN:
SF:src/hooks/useAuth.ts
FN:4,(anonymous_0)
FNF:1
FNH:1
FNDA:4,(anonymous_0)
DA:1,3
DA:2,3
DA:4,3
DA:5,4
DA:6,4
DA:7,0
DA:11,4
LF:7
LH:6
BRDA:6,0,0,0
BRF:1
BRH:0
end_of_record
TN:
SF:src/hooks/useCart.ts
FN:4,(anonymous_0)
FNF:1
FNH:1
FNDA:25,(anonymous_0)
DA:1,5
DA:2,5
DA:4,5
DA:5,25
DA:6,25
DA:7,0
DA:9,25
LF:7
LH:6
BRDA:6,0,0,0
BRF:1
BRH:0
end_of_record
TN:
SF:src/pages/AboutPage/AboutPage.tsx
FN:7,(anonymous_0)
FNF:1
FNH:1
FNDA:1,(anonymous_0)
DA:3,1
DA:4,1
DA:6,1
DA:7,1
DA:8,1
DA:80,1
LF:6
LH:6
BRF:0
BRH:0
end_of_record
