TN:
SF:src/__test__/helpers/renderWithProvider.tsx
FN:13,(anonymous_0)
FN:25,(anonymous_1)
FNF:2
FNH:2
FNDA:35,(anonymous_0)
FNDA:35,(anonymous_1)
DA:1,8
DA:2,8
DA:3,8
DA:4,8
DA:13,8
DA:23,35
DA:25,35
DA:26,35
DA:28,35
DA:29,24
DA:32,35
DA:33,10
DA:36,35
DA:37,28
DA:40,35
DA:43,35
DA:46,8
LF:17
LH:17
BRDA:15,0,0,5
BRDA:18,1,0,5
BRDA:19,2,0,5
BRDA:20,3,0,5
BRDA:21,4,0,32
BRDA:28,5,0,24
BRDA:32,6,0,10
BRDA:36,7,0,28
BRF:8
BRH:8
end_of_record
TN:
SF:src/common/components/ErrorBoundry/ErrorBoundary.tsx
FN:15,(anonymous_0)
FN:19,(anonymous_1)
FN:23,(anonymous_2)
FNF:3
FNH:3
FNDA:4,(anonymous_0)
FNDA:2,(anonymous_1)
FNDA:9,(anonymous_2)
DA:1,1
DA:12,5
DA:16,4
DA:20,2
DA:24,9
DA:25,4
DA:27,5
DA:31,1
LF:8
LH:8
BRDA:24,0,0,4
BRF:1
BRH:1
end_of_record
TN:
SF:src/common/components/Icons/DesktopIcons/DesktopIcons.tsx
FN:17,(anonymous_0)
FN:23,(anonymous_1)
FN:32,(anonymous_2)
FN:32,(anonymous_3)
FNF:4
FNH:1
FNDA:7,(anonymous_0)
FNDA:0,(anonymous_1)
FNDA:0,(anonymous_2)
FNDA:0,(anonymous_3)
DA:1,2
DA:9,2
DA:10,2
DA:11,2
DA:17,2
DA:18,7
DA:19,7
DA:21,7
DA:23,0
DA:32,0
DA:59,2
LF:11
LH:9
BRDA:41,0,0,7
BRDA:41,0,1,1
BRF:2
BRH:2
end_of_record
TN:
SF:src/common/components/Icons/MobileIcons/MobileIcons.tsx
FN:18,(anonymous_0)
FN:28,(anonymous_1)
FN:42,(anonymous_2)
FN:54,(anonymous_3)
FN:54,(anonymous_4)
FNF:5
FNH:1
FNDA:4,(anonymous_0)
FNDA:0,(anonymous_1)
FNDA:0,(anonymous_2)
FNDA:0,(anonymous_3)
FNDA:0,(anonymous_4)
DA:1,1
DA:9,1
DA:10,1
DA:18,1
DA:23,4
DA:24,4
DA:28,0
DA:42,0
DA:54,0
DA:70,1
LF:10
LH:7
BRF:0
BRH:0
end_of_record
TN:
SF:src/common/components/Logo/Logo.tsx
FN:3,(anonymous_0)
FNF:1
FNH:1
FNDA:4,(anonymous_0)
DA:1,1
DA:3,1
DA:4,4
DA:22,1
LF:4
LH:4
BRF:0
BRH:0
end_of_record
TN:
SF:src/common/components/UserStatus/UserStatus.tsx
FN:11,(anonymous_0)
FN:15,(anonymous_1)
FNF:2
FNH:1
FNDA:6,(anonymous_0)
FNDA:0,(anonymous_1)
DA:2,2
DA:3,2
DA:4,2
DA:5,2
DA:11,2
DA:12,6
DA:13,6
DA:15,6
DA:16,0
DA:17,0
DA:18,0
DA:21,6
DA:39,2
LF:13
LH:10
BRDA:23,0,0,1
BRDA:23,0,1,5
BRF:2
BRH:2
end_of_record
TN:
SF:src/common/layout/DesktopNav.tsx
FN:3,(anonymous_0)
FN:7,(anonymous_1)
FN:15,(anonymous_2)
FN:23,(anonymous_3)
FN:31,(anonymous_4)
FNF:5
FNH:5
FNDA:4,(anonymous_0)
FNDA:4,(anonymous_1)
FNDA:4,(anonymous_2)
FNDA:4,(anonymous_3)
FNDA:4,(anonymous_4)
DA:1,1
DA:3,1
DA:4,4
DA:8,4
DA:16,4
DA:24,4
DA:32,4
DA:40,1
LF:8
LH:8
BRDA:8,0,0,4
BRDA:8,0,1,0
BRDA:16,1,0,0
BRDA:16,1,1,4
BRDA:24,2,0,0
BRDA:24,2,1,4
BRDA:32,3,0,0
BRDA:32,3,1,4
BRF:8
BRH:4
end_of_record
TN:
SF:src/common/layout/Footer.tsx
FN:10,(anonymous_0)
FNF:1
FNH:1
FNDA:4,(anonymous_0)
DA:2,1
DA:3,1
DA:8,1
DA:10,1
DA:11,4
DA:55,1
LF:6
LH:6
BRF:0
BRH:0
end_of_record
TN:
SF:src/common/layout/Header.tsx
FN:14,(anonymous_0)
FNF:1
FNH:1
FNDA:4,(anonymous_0)
DA:2,1
DA:3,1
DA:4,1
DA:5,1
DA:6,1
DA:14,1
DA:19,4
DA:46,1
LF:8
LH:8
BRF:0
BRH:0
end_of_record
TN:
SF:src/common/layout/Sidebar.tsx
FN:21,(anonymous_0)
FN:78,(anonymous_1)
FN:89,(anonymous_2)
FNF:3
FNH:3
FNDA:4,(anonymous_0)
FNDA:32,(anonymous_1)
FNDA:32,(anonymous_2)
DA:2,1
DA:3,1
DA:4,1
DA:21,1
DA:22,4
DA:79,32
DA:90,32
DA:119,1
LF:8
LH:8
BRDA:25,0,0,4
BRDA:25,0,1,0
BRDA:37,1,0,0
BRDA:37,1,1,4
BRDA:90,2,0,4
BRDA:90,2,1,28
BRF:6
BRH:4
end_of_record
TN:
SF:src/context/AuthContext.tsx
FN:28,(anonymous_0)
FN:31,(anonymous_1)
FN:44,(anonymous_2)
FN:60,(anonymous_3)
FN:78,(anonymous_4)
FNF:5
FNH:1
FNDA:12,(anonymous_0)
FNDA:0,(anonymous_1)
FNDA:0,(anonymous_2)
FNDA:0,(anonymous_3)
FNDA:0,(anonymous_4)
DA:1,9
DA:2,9
DA:21,9
DA:28,9
DA:29,12
DA:31,12
DA:32,0
DA:33,0
DA:38,0
DA:40,0
DA:44,12
DA:45,0
DA:46,0
DA:53,0
DA:54,0
DA:56,0
DA:60,12
DA:62,0
DA:65,0
DA:71,12
DA:78,9
DA:79,0
DA:80,0
DA:81,0
DA:83,0
LF:25
LH:10
BRDA:80,0,0,0
BRF:1
BRH:0
end_of_record
TN:
SF:src/context/CartContext.tsx
FN:26,(anonymous_0)
FN:32,(anonymous_1)
FN:36,(anonymous_2)
FN:37,(anonymous_3)
FN:40,(anonymous_4)
FN:42,(anonymous_5)
FN:50,(anonymous_6)
FN:52,(anonymous_7)
FNF:8
FNH:2
FNDA:28,(anonymous_0)
FNDA:0,(anonymous_1)
FNDA:0,(anonymous_2)
FNDA:0,(anonymous_3)
FNDA:0,(anonymous_4)
FNDA:0,(anonymous_5)
FNDA:5,(anonymous_6)
FNDA:0,(anonymous_7)
DA:1,8
DA:22,8
DA:26,8
DA:30,28
DA:32,28
DA:33,0
DA:36,28
DA:37,0
DA:40,28
DA:41,0
DA:43,0
DA:50,28
DA:52,28
DA:53,0
DA:56,28
LF:15
LH:10
BRDA:28,0,0,0
BRDA:43,1,0,0
BRDA:43,1,1,0
BRF:3
BRH:0
end_of_record
TN:
SF:src/features/Cart/CartPage.tsx
FN:14,(anonymous_0)
FN:18,(anonymous_1)
FN:22,(anonymous_2)
FN:50,(anonymous_3)
FN:62,(anonymous_4)
FNF:5
FNH:1
FNDA:0,(anonymous_0)
FNDA:10,(anonymous_1)
FNDA:0,(anonymous_2)
FNDA:0,(anonymous_3)
FNDA:0,(anonymous_4)
DA:2,2
DA:3,2
DA:4,2
DA:5,2
DA:6,2
DA:14,2
DA:15,0
DA:18,2
DA:19,10
DA:21,10
DA:22,0
DA:26,10
DA:51,0
DA:62,0
DA:80,2
LF:15
LH:11
BRDA:28,0,0,10
BRDA:28,0,1,5
BRDA:39,1,0,5
BRDA:39,1,1,0
BRF:4
BRH:3
end_of_record
TN:
SF:src/features/Cart/components/CartProductItem/CartProductItem.tsx
FN:8,(anonymous_0)
FNF:1
FNH:1
FNDA:8,(anonymous_0)
DA:8,3
DA:9,8
DA:37,3
LF:3
LH:3
BRF:0
BRH:0
end_of_record
TN:
SF:src/features/Cart/components/CartTotal/CartTotal.tsx
FN:8,(anonymous_0)
FNF:1
FNH:1
FNDA:7,(anonymous_0)
DA:1,3
DA:8,3
DA:9,7
DA:25,3
LF:4
LH:4
BRF:0
BRH:0
end_of_record
TN:
SF:src/features/Checkout/components/CheckoutForm.tsx
FN:4,(anonymous_0)
FNF:1
FNH:1
FNDA:5,(anonymous_0)
DA:1,1
DA:2,1
DA:4,1
DA:5,5
DA:111,1
LF:5
LH:5
BRF:0
BRH:0
end_of_record
TN:
SF:src/features/Checkout/components/OrderItem.tsx
FN:3,(anonymous_0)
FNF:1
FNH:1
FNDA:11,(anonymous_0)
DA:3,2
DA:4,11
DA:19,2
LF:3
LH:3
BRF:0
BRH:0
end_of_record
TN:
SF:src/features/Checkout/components/OrderSummary.tsx
FN:12,(anonymous_0)
FN:14,(anonymous_1)
FN:28,(anonymous_2)
FNF:3
FNH:3
FNDA:3,(anonymous_0)
FNDA:6,(anonymous_1)
FNDA:6,(anonymous_2)
DA:3,1
DA:4,1
DA:6,1
DA:12,1
DA:13,3
DA:14,6
DA:18,3
DA:29,6
DA:41,1
LF:9
LH:9
BRF:0
BRH:0
end_of_record
TN:
SF:src/features/Home/HomePage.tsx
FN:8,(anonymous_0)
FN:12,(anonymous_1)
FN:20,(anonymous_2)
FN:25,(anonymous_3)
FN:33,(anonymous_4)
FN:37,(anonymous_5)
FNF:6
FNH:3
FNDA:4,(anonymous_0)
FNDA:0,(anonymous_1)
FNDA:4,(anonymous_2)
FNDA:4,(anonymous_3)
FNDA:0,(anonymous_4)
FNDA:0,(anonymous_5)
DA:1,1
DA:2,1
DA:3,1
DA:4,1
DA:5,1
DA:6,1
DA:8,1
DA:9,4
DA:10,4
DA:12,4
DA:13,0
DA:15,0
DA:16,0
DA:20,4
DA:22,4
DA:25,4
DA:26,4
DA:29,4
DA:33,0
DA:37,0
DA:54,1
LF:21
LH:16
BRDA:13,0,0,0
BRDA:13,1,0,0
BRDA:13,1,1,0
BRDA:13,1,2,0
BRF:4
BRH:0
end_of_record
TN:
SF:src/features/Products/components/AddToCartButton/AddToCartButton.tsx
FN:12,(anonymous_0)
FN:21,(anonymous_1)
FN:33,(anonymous_2)
FNF:3
FNH:1
FNDA:13,(anonymous_0)
FNDA:0,(anonymous_1)
FNDA:0,(anonymous_2)
DA:1,3
DA:2,3
DA:4,3
DA:12,3
DA:17,13
DA:18,13
DA:19,13
DA:21,13
DA:22,0
DA:23,0
DA:28,0
DA:30,0
DA:31,0
DA:33,0
DA:34,0
DA:35,0
DA:39,13
DA:43,13
DA:56,3
LF:19
LH:11
BRDA:14,0,0,13
BRDA:28,1,0,0
BRDA:39,2,0,0
BRDA:39,2,1,13
BRDA:46,3,0,2
BRDA:46,3,1,11
BRF:6
BRH:4
end_of_record
TN:
SF:src/features/Products/components/Footer/Footer.tsx
FN:4,(anonymous_0)
FNF:1
FNH:1
FNDA:4,(anonymous_0)
DA:2,1
DA:4,1
DA:5,4
DA:31,1
LF:4
LH:4
BRF:0
BRH:0
end_of_record
TN:
SF:src/features/Products/components/ProductCard/ProductCard.tsx
FN:11,(anonymous_0)
FNF:1
FNH:1
FNDA:7,(anonymous_0)
DA:4,2
DA:6,2
DA:11,2
DA:12,7
DA:53,2
LF:5
LH:5
BRDA:22,0,0,7
BRDA:22,0,1,2
BRF:2
BRH:2
end_of_record
TN:
SF:src/features/Products/components/ProductGrid/ProductGrid.tsx
FN:9,(anonymous_0)
FN:14,(anonymous_1)
FNF:2
FNH:2
FNDA:1,(anonymous_0)
FNDA:2,(anonymous_1)
DA:2,1
DA:9,1
DA:10,1
DA:15,2
DA:22,1
LF:5
LH:5
BRF:0
BRH:0
end_of_record
TN:
SF:src/features/Products/components/ProductInfo/ProductInfo.tsx
FN:9,(anonymous_0)
FNF:1
FNH:1
FNDA:6,(anonymous_0)
DA:3,1
DA:9,1
DA:10,6
DA:49,1
LF:4
LH:4
BRF:0
BRH:0
end_of_record
TN:
SF:src/features/Products/components/SaleBanner/SaleBanner.tsx
FN:3,(anonymous_0)
FNF:1
FNH:1
FNDA:2,(anonymous_0)
DA:3,1
DA:4,2
DA:18,1
LF:3
LH:3
BRF:0
BRH:0
end_of_record
TN:
SF:src/hooks/useAddToCart.ts
FN:5,(anonymous_0)
FN:8,(anonymous_1)
FNF:2
FNH:1
FNDA:13,(anonymous_0)
FNDA:0,(anonymous_1)
DA:1,3
DA:2,3
DA:5,3
DA:6,13
DA:8,13
DA:9,0
DA:12,13
LF:7
LH:6
BRF:0
BRH:0
end_of_record
TN:
SF:src/hooks/useAuth.ts
FN:4,(anonymous_0)
FNF:1
FNH:1
FNDA:4,(anonymous_0)
DA:1,3
DA:2,3
DA:4,3
DA:5,4
DA:6,4
DA:7,0
DA:11,4
LF:7
LH:6
BRDA:6,0,0,0
BRF:1
BRH:0
end_of_record
TN:
SF:src/hooks/useCart.ts
FN:4,(anonymous_0)
FNF:1
FNH:1
FNDA:30,(anonymous_0)
DA:1,6
DA:2,6
DA:4,6
DA:5,30
DA:6,30
DA:7,0
DA:9,30
LF:7
LH:6
BRDA:6,0,0,0
BRF:1
BRH:0
end_of_record
TN:
SF:src/pages/AboutPage/AboutPage.tsx
FN:7,(anonymous_0)
FNF:1
FNH:1
FNDA:1,(anonymous_0)
DA:3,1
DA:4,1
DA:6,1
DA:7,1
DA:8,1
DA:80,1
LF:6
LH:6
BRF:0
BRH:0
end_of_record
